[2022-08-18 22:39:14.353] [Core] [info] Engine running
[2022-08-18 22:39:18.905] [Core] [info] Dispatching
[2022-08-18 22:39:18.906] [APP] [info] window resize event: 1599,900
[2022-08-18 22:39:18.912] [Core] [info] Dispatching
[2022-08-18 22:39:18.912] [APP] [info] window resize event: 1598,900
[2022-08-18 22:39:18.916] [Core] [info] Dispatching
[2022-08-18 22:39:18.916] [APP] [info] window resize event: 1597,900
[2022-08-18 22:39:18.920] [Core] [info] Dispatching
[2022-08-18 22:39:18.920] [APP] [info] window resize event: 1596,900
[2022-08-18 22:39:18.923] [Core] [info] Dispatching
[2022-08-18 22:39:18.924] [APP] [info] window resize event: 1595,900
[2022-08-18 22:39:18.927] [Core] [info] Dispatching
[2022-08-18 22:39:18.927] [APP] [info] window resize event: 1593,900
[2022-08-18 22:39:18.929] [Core] [info] Dispatching
[2022-08-18 22:39:18.929] [APP] [info] window resize event: 1592,900
[2022-08-18 22:39:18.932] [Core] [info] Dispatching
[2022-08-18 22:39:18.932] [APP] [info] window resize event: 1591,899
[2022-08-18 22:39:18.935] [Core] [info] Dispatching
[2022-08-18 22:39:18.935] [APP] [info] window resize event: 1589,899
[2022-08-18 22:39:18.939] [Core] [info] Dispatching
[2022-08-18 22:39:18.939] [APP] [info] window resize event: 1587,899
[2022-08-18 22:39:18.942] [Core] [info] Dispatching
[2022-08-18 22:39:18.942] [APP] [info] window resize event: 1584,898
[2022-08-18 22:39:18.946] [Core] [info] Dispatching
[2022-08-18 22:39:18.946] [APP] [info] window resize event: 1582,898
[2022-08-18 22:39:18.948] [Core] [info] Dispatching
[2022-08-18 22:39:18.949] [APP] [info] window resize event: 1581,897
[2022-08-18 22:39:18.951] [Core] [info] Dispatching
[2022-08-18 22:39:18.951] [APP] [info] window resize event: 1579,897
[2022-08-18 22:39:18.953] [Core] [info] Dispatching
[2022-08-18 22:39:18.953] [APP] [info] window resize event: 1578,896
[2022-08-18 22:39:18.958] [Core] [info] Dispatching
[2022-08-18 22:39:18.958] [APP] [info] window resize event: 1575,896
[2022-08-18 22:39:18.962] [Core] [info] Dispatching
[2022-08-18 22:39:18.962] [APP] [info] window resize event: 1572,895
[2022-08-18 22:39:18.966] [Core] [info] Dispatching
[2022-08-18 22:39:18.966] [APP] [info] window resize event: 1570,895
[2022-08-18 22:39:18.970] [Core] [info] Dispatching
[2022-08-18 22:39:18.970] [APP] [info] window resize event: 1568,894
[2022-08-18 22:39:18.975] [Core] [info] Dispatching
[2022-08-18 22:39:18.976] [APP] [info] window resize event: 1564,893
[2022-08-18 22:39:18.979] [Core] [info] Dispatching
[2022-08-18 22:39:18.980] [APP] [info] window resize event: 1562,892
[2022-08-18 22:39:18.983] [Core] [info] Dispatching
[2022-08-18 22:39:18.983] [APP] [info] window resize event: 1560,892
[2022-08-18 22:39:18.991] [Core] [info] Dispatching
[2022-08-18 22:39:18.992] [APP] [info] window resize event: 1558,891
[2022-08-18 22:39:18.995] [Core] [info] Dispatching
[2022-08-18 22:39:18.996] [APP] [info] window resize event: 1554,890
[2022-08-18 22:39:19.000] [Core] [info] Dispatching
[2022-08-18 22:39:19.001] [APP] [info] window resize event: 1552,889
[2022-08-18 22:39:19.004] [Core] [info] Dispatching
[2022-08-18 22:39:19.005] [APP] [info] window resize event: 1550,888
[2022-08-18 22:39:19.008] [Core] [info] Dispatching
[2022-08-18 22:39:19.009] [APP] [info] window resize event: 1548,887
[2022-08-18 22:39:19.013] [Core] [info] Dispatching
[2022-08-18 22:39:19.013] [APP] [info] window resize event: 1546,886
[2022-08-18 22:39:19.019] [Core] [info] Dispatching
[2022-08-18 22:39:19.019] [APP] [info] window resize event: 1544,886
[2022-08-18 22:39:19.023] [Core] [info] Dispatching
[2022-08-18 22:39:19.023] [APP] [info] window resize event: 1542,885
[2022-08-18 22:39:19.027] [Core] [info] Dispatching
[2022-08-18 22:39:19.027] [APP] [info] window resize event: 1541,884
[2022-08-18 22:39:19.031] [Core] [info] Dispatching
[2022-08-18 22:39:19.031] [APP] [info] window resize event: 1539,883
[2022-08-18 22:39:19.034] [Core] [info] Dispatching
[2022-08-18 22:39:19.034] [APP] [info] window resize event: 1538,883
[2022-08-18 22:39:19.039] [Core] [info] Dispatching
[2022-08-18 22:39:19.040] [APP] [info] window resize event: 1536,881
[2022-08-18 22:39:19.044] [Core] [info] Dispatching
[2022-08-18 22:39:19.044] [APP] [info] window resize event: 1534,880
[2022-08-18 22:39:19.049] [Core] [info] Dispatching
[2022-08-18 22:39:19.049] [APP] [info] window resize event: 1533,880
[2022-08-18 22:39:19.053] [Core] [info] Dispatching
[2022-08-18 22:39:19.053] [APP] [info] window resize event: 1529,878
[2022-08-18 22:39:19.056] [Core] [info] Dispatching
[2022-08-18 22:39:19.056] [APP] [info] window resize event: 1527,877
[2022-08-18 22:39:19.059] [Core] [info] Dispatching
[2022-08-18 22:39:19.059] [APP] [info] window resize event: 1526,876
[2022-08-18 22:39:19.062] [Core] [info] Dispatching
[2022-08-18 22:39:19.063] [APP] [info] window resize event: 1523,875
[2022-08-18 22:39:19.066] [Core] [info] Dispatching
[2022-08-18 22:39:19.067] [APP] [info] window resize event: 1520,874
[2022-08-18 22:39:19.070] [Core] [info] Dispatching
[2022-08-18 22:39:19.070] [APP] [info] window resize event: 1517,873
[2022-08-18 22:39:19.073] [Core] [info] Dispatching
[2022-08-18 22:39:19.073] [APP] [info] window resize event: 1513,872
[2022-08-18 22:39:19.076] [Core] [info] Dispatching
[2022-08-18 22:39:19.076] [APP] [info] window resize event: 1511,871
[2022-08-18 22:39:19.079] [Core] [info] Dispatching
[2022-08-18 22:39:19.079] [APP] [info] window resize event: 1508,870
[2022-08-18 22:39:19.083] [Core] [info] Dispatching
[2022-08-18 22:39:19.083] [APP] [info] window resize event: 1505,869
[2022-08-18 22:39:19.086] [Core] [info] Dispatching
[2022-08-18 22:39:19.086] [APP] [info] window resize event: 1501,867
[2022-08-18 22:39:19.089] [Core] [info] Dispatching
[2022-08-18 22:39:19.089] [APP] [info] window resize event: 1500,867
[2022-08-18 22:39:19.092] [Core] [info] Dispatching
[2022-08-18 22:39:19.092] [APP] [info] window resize event: 1497,866
[2022-08-18 22:39:19.096] [Core] [info] Dispatching
[2022-08-18 22:39:19.097] [APP] [info] window resize event: 1495,866
[2022-08-18 22:39:19.099] [Core] [info] Dispatching
[2022-08-18 22:39:19.099] [APP] [info] window resize event: 1493,865
[2022-08-18 22:39:19.102] [Core] [info] Dispatching
[2022-08-18 22:39:19.102] [APP] [info] window resize event: 1491,865
[2022-08-18 22:39:19.106] [Core] [info] Dispatching
[2022-08-18 22:39:19.106] [APP] [info] window resize event: 1489,864
[2022-08-18 22:39:19.109] [Core] [info] Dispatching
[2022-08-18 22:39:19.109] [APP] [info] window resize event: 1488,864
[2022-08-18 22:39:19.113] [Core] [info] Dispatching
[2022-08-18 22:39:19.113] [APP] [info] window resize event: 1486,863
[2022-08-18 22:39:19.116] [Core] [info] Dispatching
[2022-08-18 22:39:19.116] [APP] [info] window resize event: 1484,863
[2022-08-18 22:39:19.119] [Core] [info] Dispatching
[2022-08-18 22:39:19.119] [APP] [info] window resize event: 1483,863
[2022-08-18 22:39:19.122] [Core] [info] Dispatching
[2022-08-18 22:39:19.122] [APP] [info] window resize event: 1482,863
[2022-08-18 22:39:19.125] [Core] [info] Dispatching
[2022-08-18 22:39:19.126] [APP] [info] window resize event: 1481,863
[2022-08-18 22:39:19.129] [Core] [info] Dispatching
[2022-08-18 22:39:19.129] [APP] [info] window resize event: 1481,862
[2022-08-18 22:39:19.184] [Core] [info] Dispatching
[2022-08-18 22:39:19.185] [APP] [info] window resize event: 1479,862
[2022-08-18 22:39:26.114] [Core] [info] Dispatching
[2022-08-18 22:39:26.117] [APP] [info] window resize event: 1480,863
[2022-08-18 22:39:26.131] [Core] [info] Dispatching
[2022-08-18 22:39:26.131] [APP] [info] window resize event: 1482,863
[2022-08-18 22:39:26.145] [Core] [info] Dispatching
[2022-08-18 22:39:26.146] [APP] [info] window resize event: 1485,864
[2022-08-18 22:39:26.160] [Core] [info] Dispatching
[2022-08-18 22:39:26.161] [APP] [info] window resize event: 1489,865
[2022-08-18 22:39:26.171] [Core] [info] Dispatching
[2022-08-18 22:39:26.171] [APP] [info] window resize event: 1491,866
[2022-08-18 22:39:26.180] [Core] [info] Dispatching
[2022-08-18 22:39:26.181] [APP] [info] window resize event: 1494,867
[2022-08-18 22:39:26.191] [Core] [info] Dispatching
[2022-08-18 22:39:26.191] [APP] [info] window resize event: 1497,868
[2022-08-18 22:39:26.200] [Core] [info] Dispatching
[2022-08-18 22:39:26.200] [APP] [info] window resize event: 1502,870
[2022-08-18 22:39:26.210] [Core] [info] Dispatching
[2022-08-18 22:39:26.211] [APP] [info] window resize event: 1506,871
[2022-08-18 22:39:26.218] [Core] [info] Dispatching
[2022-08-18 22:39:26.218] [APP] [info] window resize event: 1508,873
[2022-08-18 22:39:26.226] [Core] [info] Dispatching
[2022-08-18 22:39:26.226] [APP] [info] window resize event: 1511,873
[2022-08-18 22:39:26.233] [Core] [info] Dispatching
[2022-08-18 22:39:26.233] [APP] [info] window resize event: 1513,874
[2022-08-18 22:39:26.237] [Core] [info] Dispatching
[2022-08-18 22:39:26.238] [APP] [info] window resize event: 1514,875
[2022-08-18 22:39:26.242] [Core] [info] Dispatching
[2022-08-18 22:39:26.242] [APP] [info] window resize event: 1515,875
[2022-08-18 22:39:26.247] [Core] [info] Dispatching
[2022-08-18 22:39:26.247] [APP] [info] window resize event: 1515,876
[2022-08-18 22:39:26.253] [Core] [info] Dispatching
[2022-08-18 22:39:26.253] [APP] [info] window resize event: 1517,876
[2022-08-18 22:39:26.256] [Core] [info] Dispatching
[2022-08-18 22:39:26.256] [APP] [info] window resize event: 1517,877
[2022-08-18 22:39:26.263] [Core] [info] Dispatching
[2022-08-18 22:39:26.264] [APP] [info] window resize event: 1519,877
[2022-08-18 22:39:26.267] [Core] [info] Dispatching
[2022-08-18 22:39:26.267] [APP] [info] window resize event: 1520,878
[2022-08-18 22:39:26.275] [Core] [info] Dispatching
[2022-08-18 22:39:26.275] [APP] [info] window resize event: 1521,878
[2022-08-18 22:39:26.282] [Core] [info] Dispatching
[2022-08-18 22:39:26.283] [APP] [info] window resize event: 1523,880
[2022-08-18 22:39:26.288] [Core] [info] Dispatching
[2022-08-18 22:39:26.288] [APP] [info] window resize event: 1524,881
[2022-08-18 22:39:26.293] [Core] [info] Dispatching
[2022-08-18 22:39:26.293] [APP] [info] window resize event: 1525,881
[2022-08-18 22:39:26.296] [Core] [info] Dispatching
[2022-08-18 22:39:26.297] [APP] [info] window resize event: 1525,882
[2022-08-18 22:39:26.308] [Core] [info] Dispatching
[2022-08-18 22:39:26.308] [APP] [info] window resize event: 1526,883
[2022-08-18 22:39:26.312] [Core] [info] Dispatching
[2022-08-18 22:39:26.312] [APP] [info] window resize event: 1527,883
[2022-08-18 22:39:29.314] [Core] [info] Dispatching
[2022-08-18 22:39:29.315] [APP] [info] window resize event: 1526,883
[2022-08-18 22:39:29.321] [Core] [info] Dispatching
[2022-08-18 22:39:29.321] [APP] [info] window resize event: 1525,883
[2022-08-18 22:39:29.327] [Core] [info] Dispatching
[2022-08-18 22:39:29.327] [APP] [info] window resize event: 1524,883
[2022-08-18 22:39:29.331] [Core] [info] Dispatching
[2022-08-18 22:39:29.331] [APP] [info] window resize event: 1523,883
[2022-08-18 22:39:29.336] [Core] [info] Dispatching
[2022-08-18 22:39:29.336] [APP] [info] window resize event: 1521,883
[2022-08-18 22:39:29.341] [Core] [info] Dispatching
[2022-08-18 22:39:29.341] [APP] [info] window resize event: 1519,883
[2022-08-18 22:39:29.345] [Core] [info] Dispatching
[2022-08-18 22:39:29.346] [APP] [info] window resize event: 1517,883
[2022-08-18 22:39:29.350] [Core] [info] Dispatching
[2022-08-18 22:39:29.350] [APP] [info] window resize event: 1514,883
[2022-08-18 22:39:29.354] [Core] [info] Dispatching
[2022-08-18 22:39:29.354] [APP] [info] window resize event: 1511,883
[2022-08-18 22:39:29.358] [Core] [info] Dispatching
[2022-08-18 22:39:29.359] [APP] [info] window resize event: 1509,883
[2022-08-18 22:39:29.362] [Core] [info] Dispatching
[2022-08-18 22:39:29.362] [APP] [info] window resize event: 1506,883
[2022-08-18 22:39:29.366] [Core] [info] Dispatching
[2022-08-18 22:39:29.366] [APP] [info] window resize event: 1503,883
[2022-08-18 22:39:29.371] [Core] [info] Dispatching
[2022-08-18 22:39:29.371] [APP] [info] window resize event: 1499,883
[2022-08-18 22:39:29.376] [Core] [info] Dispatching
[2022-08-18 22:39:29.376] [APP] [info] window resize event: 1494,883
[2022-08-18 22:39:29.380] [Core] [info] Dispatching
[2022-08-18 22:39:29.381] [APP] [info] window resize event: 1491,883
[2022-08-18 22:39:29.386] [Core] [info] Dispatching
[2022-08-18 22:39:29.386] [APP] [info] window resize event: 1485,883
[2022-08-18 22:39:29.390] [Core] [info] Dispatching
[2022-08-18 22:39:29.391] [APP] [info] window resize event: 1481,883
[2022-08-18 22:39:29.395] [Core] [info] Dispatching
[2022-08-18 22:39:29.396] [APP] [info] window resize event: 1476,883
[2022-08-18 22:39:29.399] [Core] [info] Dispatching
[2022-08-18 22:39:29.399] [APP] [info] window resize event: 1472,883
[2022-08-18 22:39:29.402] [Core] [info] Dispatching
[2022-08-18 22:39:29.402] [APP] [info] window resize event: 1468,883
[2022-08-18 22:39:29.407] [Core] [info] Dispatching
[2022-08-18 22:39:29.407] [APP] [info] window resize event: 1464,883
[2022-08-18 22:39:29.412] [Core] [info] Dispatching
[2022-08-18 22:39:29.412] [APP] [info] window resize event: 1456,883
[2022-08-18 22:39:29.416] [Core] [info] Dispatching
[2022-08-18 22:39:29.417] [APP] [info] window resize event: 1450,883
[2022-08-18 22:39:29.422] [Core] [info] Dispatching
[2022-08-18 22:39:29.422] [APP] [info] window resize event: 1444,883
[2022-08-18 22:39:29.426] [Core] [info] Dispatching
[2022-08-18 22:39:29.426] [APP] [info] window resize event: 1436,883
[2022-08-18 22:39:29.431] [Core] [info] Dispatching
[2022-08-18 22:39:29.431] [APP] [info] window resize event: 1430,883
[2022-08-18 22:39:29.436] [Core] [info] Dispatching
[2022-08-18 22:39:29.436] [APP] [info] window resize event: 1423,883
[2022-08-18 22:39:29.441] [Core] [info] Dispatching
[2022-08-18 22:39:29.441] [APP] [info] window resize event: 1414,883
[2022-08-18 22:39:29.445] [Core] [info] Dispatching
[2022-08-18 22:39:29.445] [APP] [info] window resize event: 1407,883
[2022-08-18 22:39:29.450] [Core] [info] Dispatching
[2022-08-18 22:39:29.450] [APP] [info] window resize event: 1401,883
[2022-08-18 22:39:29.455] [Core] [info] Dispatching
[2022-08-18 22:39:29.456] [APP] [info] window resize event: 1392,883
[2022-08-18 22:39:29.461] [Core] [info] Dispatching
[2022-08-18 22:39:29.462] [APP] [info] window resize event: 1385,883
[2022-08-18 22:39:29.467] [Core] [info] Dispatching
[2022-08-18 22:39:29.467] [APP] [info] window resize event: 1378,883
[2022-08-18 22:39:29.473] [Core] [info] Dispatching
[2022-08-18 22:39:29.473] [APP] [info] window resize event: 1371,883
[2022-08-18 22:39:29.478] [Core] [info] Dispatching
[2022-08-18 22:39:29.478] [APP] [info] window resize event: 1365,883
[2022-08-18 22:39:29.483] [Core] [info] Dispatching
[2022-08-18 22:39:29.484] [APP] [info] window resize event: 1360,883
[2022-08-18 22:39:29.489] [Core] [info] Dispatching
[2022-08-18 22:39:29.489] [APP] [info] window resize event: 1354,883
[2022-08-18 22:39:29.493] [Core] [info] Dispatching
[2022-08-18 22:39:29.494] [APP] [info] window resize event: 1350,883
[2022-08-18 22:39:29.502] [Core] [info] Dispatching
[2022-08-18 22:39:29.503] [APP] [info] window resize event: 1346,883
[2022-08-18 22:39:29.512] [Core] [info] Dispatching
[2022-08-18 22:39:29.513] [APP] [info] window resize event: 1339,883
[2022-08-18 22:39:29.522] [Core] [info] Dispatching
[2022-08-18 22:39:29.523] [APP] [info] window resize event: 1333,883
[2022-08-18 22:39:29.528] [Core] [info] Dispatching
[2022-08-18 22:39:29.529] [APP] [info] window resize event: 1331,883
[2022-08-18 22:39:29.540] [Core] [info] Dispatching
[2022-08-18 22:39:29.541] [APP] [info] window resize event: 1329,883
[2022-08-18 22:39:29.767] [Core] [info] Dispatching
[2022-08-18 22:39:29.768] [APP] [info] window resize event: 1330,883
[2022-08-18 22:39:29.782] [Core] [info] Dispatching
[2022-08-18 22:39:29.783] [APP] [info] window resize event: 1332,883
[2022-08-18 22:39:29.792] [Core] [info] Dispatching
[2022-08-18 22:39:29.792] [APP] [info] window resize event: 1335,883
[2022-08-18 22:39:29.801] [Core] [info] Dispatching
[2022-08-18 22:39:29.801] [APP] [info] window resize event: 1341,883
[2022-08-18 22:39:29.811] [Core] [info] Dispatching
[2022-08-18 22:39:29.811] [APP] [info] window resize event: 1348,883
[2022-08-18 22:39:29.817] [Core] [info] Dispatching
[2022-08-18 22:39:29.817] [APP] [info] window resize event: 1354,883
[2022-08-18 22:39:29.828] [Core] [info] Dispatching
[2022-08-18 22:39:29.829] [APP] [info] window resize event: 1366,883
[2022-08-18 22:39:29.838] [Core] [info] Dispatching
[2022-08-18 22:39:29.839] [APP] [info] window resize event: 1381,883
[2022-08-18 22:39:29.849] [Core] [info] Dispatching
[2022-08-18 22:39:29.849] [APP] [info] window resize event: 1399,883
[2022-08-18 22:39:29.865] [Core] [info] Dispatching
[2022-08-18 22:39:29.866] [APP] [info] window resize event: 1418,883
[2022-08-18 22:39:29.879] [Core] [info] Dispatching
[2022-08-18 22:39:29.880] [APP] [info] window resize event: 1440,883
[2022-08-18 22:39:29.891] [Core] [info] Dispatching
[2022-08-18 22:39:29.892] [APP] [info] window resize event: 1458,883
[2022-08-18 22:39:29.896] [Core] [info] Dispatching
[2022-08-18 22:39:29.896] [APP] [info] window resize event: 1465,883
[2022-08-18 22:39:29.902] [Core] [info] Dispatching
[2022-08-18 22:39:29.903] [APP] [info] window resize event: 1470,883
[2022-08-18 22:39:29.911] [Core] [info] Dispatching
[2022-08-18 22:39:29.912] [APP] [info] window resize event: 1475,883
[2022-08-18 22:39:29.923] [Core] [info] Dispatching
[2022-08-18 22:39:29.924] [APP] [info] window resize event: 1479,883
[2022-08-18 22:39:29.933] [Core] [info] Dispatching
[2022-08-18 22:39:29.933] [APP] [info] window resize event: 1480,883
[2022-08-18 22:39:30.263] [Core] [info] Dispatching
[2022-08-18 22:39:30.263] [APP] [info] window resize event: 1481,883
[2022-08-18 22:39:33.164] [Core] [info] Dispatching
[2022-08-18 22:39:33.165] [APP] [info] window resize event: 1480,883
[2022-08-18 22:39:33.169] [Core] [info] Dispatching
[2022-08-18 22:39:33.169] [APP] [info] window resize event: 1479,883
[2022-08-18 22:39:33.174] [Core] [info] Dispatching
[2022-08-18 22:39:33.174] [APP] [info] window resize event: 1478,883
[2022-08-18 22:39:33.178] [Core] [info] Dispatching
[2022-08-18 22:39:33.178] [APP] [info] window resize event: 1477,883
[2022-08-18 22:39:33.182] [Core] [info] Dispatching
[2022-08-18 22:39:33.182] [APP] [info] window resize event: 1476,883
[2022-08-18 22:39:33.186] [Core] [info] Dispatching
[2022-08-18 22:39:33.186] [APP] [info] window resize event: 1474,883
[2022-08-18 22:39:33.191] [Core] [info] Dispatching
[2022-08-18 22:39:33.192] [APP] [info] window resize event: 1472,883
[2022-08-18 22:39:33.195] [Core] [info] Dispatching
[2022-08-18 22:39:33.195] [APP] [info] window resize event: 1470,883
[2022-08-18 22:39:33.199] [Core] [info] Dispatching
[2022-08-18 22:39:33.199] [APP] [info] window resize event: 1468,883
[2022-08-18 22:39:33.203] [Core] [info] Dispatching
[2022-08-18 22:39:33.203] [APP] [info] window resize event: 1466,883
[2022-08-18 22:39:33.208] [Core] [info] Dispatching
[2022-08-18 22:39:33.209] [APP] [info] window resize event: 1463,883
[2022-08-18 22:39:33.213] [Core] [info] Dispatching
[2022-08-18 22:39:33.213] [APP] [info] window resize event: 1459,883
[2022-08-18 22:39:33.218] [Core] [info] Dispatching
[2022-08-18 22:39:33.219] [APP] [info] window resize event: 1456,883
[2022-08-18 22:39:33.224] [Core] [info] Dispatching
[2022-08-18 22:39:33.224] [APP] [info] window resize event: 1452,883
[2022-08-18 22:39:33.229] [Core] [info] Dispatching
[2022-08-18 22:39:33.229] [APP] [info] window resize event: 1448,883
[2022-08-18 22:39:33.233] [Core] [info] Dispatching
[2022-08-18 22:39:33.233] [APP] [info] window resize event: 1445,883
[2022-08-18 22:39:33.237] [Core] [info] Dispatching
[2022-08-18 22:39:33.237] [APP] [info] window resize event: 1441,883
[2022-08-18 22:39:33.241] [Core] [info] Dispatching
[2022-08-18 22:39:33.242] [APP] [info] window resize event: 1438,883
[2022-08-18 22:39:33.249] [Core] [info] Dispatching
[2022-08-18 22:39:33.250] [APP] [info] window resize event: 1433,883
[2022-08-18 22:39:33.257] [Core] [info] Dispatching
[2022-08-18 22:39:33.257] [APP] [info] window resize event: 1425,883
[2022-08-18 22:39:33.262] [Core] [info] Dispatching
[2022-08-18 22:39:33.262] [APP] [info] window resize event: 1421,883
[2022-08-18 22:39:33.267] [Core] [info] Dispatching
[2022-08-18 22:39:33.267] [APP] [info] window resize event: 1416,883
[2022-08-18 22:39:33.272] [Core] [info] Dispatching
[2022-08-18 22:39:33.272] [APP] [info] window resize event: 1411,883
[2022-08-18 22:39:33.276] [Core] [info] Dispatching
[2022-08-18 22:39:33.276] [APP] [info] window resize event: 1407,883
[2022-08-18 22:39:33.286] [Core] [info] Dispatching
[2022-08-18 22:39:33.287] [APP] [info] window resize event: 1404,883
[2022-08-18 22:39:33.294] [Core] [info] Dispatching
[2022-08-18 22:39:33.295] [APP] [info] window resize event: 1396,883
[2022-08-18 22:39:33.303] [Core] [info] Dispatching
[2022-08-18 22:39:33.304] [APP] [info] window resize event: 1391,883
[2022-08-18 22:39:33.309] [Core] [info] Dispatching
[2022-08-18 22:39:33.309] [APP] [info] window resize event: 1386,883
[2022-08-18 22:39:33.314] [Core] [info] Dispatching
[2022-08-18 22:39:33.314] [APP] [info] window resize event: 1383,883
[2022-08-18 22:39:33.319] [Core] [info] Dispatching
[2022-08-18 22:39:33.320] [APP] [info] window resize event: 1380,883
[2022-08-18 22:39:33.323] [Core] [info] Dispatching
[2022-08-18 22:39:33.323] [APP] [info] window resize event: 1379,883
[2022-08-18 22:39:33.327] [Core] [info] Dispatching
[2022-08-18 22:39:33.328] [APP] [info] window resize event: 1377,883
[2022-08-18 22:39:33.335] [Core] [info] Dispatching
[2022-08-18 22:39:33.336] [APP] [info] window resize event: 1375,883
[2022-08-18 22:39:33.341] [Core] [info] Dispatching
[2022-08-18 22:39:33.341] [APP] [info] window resize event: 1374,883
[2022-08-18 22:39:33.664] [Core] [info] Dispatching
[2022-08-18 22:39:33.665] [APP] [info] window resize event: 1375,883
[2022-08-18 22:39:33.674] [Core] [info] Dispatching
[2022-08-18 22:39:33.674] [APP] [info] window resize event: 1378,883
[2022-08-18 22:39:33.680] [Core] [info] Dispatching
[2022-08-18 22:39:33.680] [APP] [info] window resize event: 1385,883
[2022-08-18 22:39:33.684] [Core] [info] Dispatching
[2022-08-18 22:39:33.685] [APP] [info] window resize event: 1391,883
[2022-08-18 22:39:33.689] [Core] [info] Dispatching
[2022-08-18 22:39:33.689] [APP] [info] window resize event: 1397,883
[2022-08-18 22:39:33.693] [Core] [info] Dispatching
[2022-08-18 22:39:33.693] [APP] [info] window resize event: 1405,883
[2022-08-18 22:39:33.702] [Core] [info] Dispatching
[2022-08-18 22:39:33.703] [APP] [info] window resize event: 1412,883
[2022-08-18 22:39:33.712] [Core] [info] Dispatching
[2022-08-18 22:39:33.712] [APP] [info] window resize event: 1435,883
[2022-08-18 22:39:33.718] [Core] [info] Dispatching
[2022-08-18 22:39:33.718] [APP] [info] window resize event: 1447,883
[2022-08-18 22:39:33.724] [Core] [info] Dispatching
[2022-08-18 22:39:33.724] [APP] [info] window resize event: 1459,883
[2022-08-18 22:39:33.729] [Core] [info] Dispatching
[2022-08-18 22:39:33.729] [APP] [info] window resize event: 1467,883
[2022-08-18 22:39:33.733] [Core] [info] Dispatching
[2022-08-18 22:39:33.734] [APP] [info] window resize event: 1474,883
[2022-08-18 22:39:33.738] [Core] [info] Dispatching
[2022-08-18 22:39:33.738] [APP] [info] window resize event: 1479,883
[2022-08-18 22:39:33.743] [Core] [info] Dispatching
[2022-08-18 22:39:33.743] [APP] [info] window resize event: 1486,883
[2022-08-18 22:39:33.746] [Core] [info] Dispatching
[2022-08-18 22:39:33.747] [APP] [info] window resize event: 1491,883
[2022-08-18 22:39:33.751] [Core] [info] Dispatching
[2022-08-18 22:39:33.751] [APP] [info] window resize event: 1495,883
[2022-08-18 22:39:33.756] [Core] [info] Dispatching
[2022-08-18 22:39:33.757] [APP] [info] window resize event: 1502,883
[2022-08-18 22:39:33.761] [Core] [info] Dispatching
[2022-08-18 22:39:33.761] [APP] [info] window resize event: 1506,883
[2022-08-18 22:39:33.765] [Core] [info] Dispatching
[2022-08-18 22:39:33.765] [APP] [info] window resize event: 1510,883
[2022-08-18 22:39:33.771] [Core] [info] Dispatching
[2022-08-18 22:39:33.771] [APP] [info] window resize event: 1514,883
[2022-08-18 22:39:33.775] [Core] [info] Dispatching
[2022-08-18 22:39:33.775] [APP] [info] window resize event: 1516,883
[2022-08-18 22:39:33.781] [Core] [info] Dispatching
[2022-08-18 22:39:33.781] [APP] [info] window resize event: 1519,883
[2022-08-18 22:39:33.790] [Core] [info] Dispatching
[2022-08-18 22:39:33.791] [APP] [info] window resize event: 1520,883
[2022-08-18 22:39:33.797] [Core] [info] Dispatching
[2022-08-18 22:39:33.797] [APP] [info] window resize event: 1526,883
[2022-08-18 22:39:33.803] [Core] [info] Dispatching
[2022-08-18 22:39:33.804] [APP] [info] window resize event: 1530,883
[2022-08-18 22:39:33.808] [Core] [info] Dispatching
[2022-08-18 22:39:33.809] [APP] [info] window resize event: 1532,883
[2022-08-18 22:39:33.813] [Core] [info] Dispatching
[2022-08-18 22:39:33.814] [APP] [info] window resize event: 1535,883
[2022-08-18 22:39:33.818] [Core] [info] Dispatching
[2022-08-18 22:39:33.818] [APP] [info] window resize event: 1539,883
[2022-08-18 22:39:33.824] [Core] [info] Dispatching
[2022-08-18 22:39:33.824] [APP] [info] window resize event: 1542,883
[2022-08-18 22:39:33.828] [Core] [info] Dispatching
[2022-08-18 22:39:33.829] [APP] [info] window resize event: 1544,883
[2022-08-18 22:39:33.832] [Core] [info] Dispatching
[2022-08-18 22:39:33.832] [APP] [info] window resize event: 1546,883
[2022-08-18 22:39:33.836] [Core] [info] Dispatching
[2022-08-18 22:39:33.836] [APP] [info] window resize event: 1548,883
[2022-08-18 22:39:33.840] [Core] [info] Dispatching
[2022-08-18 22:39:33.841] [APP] [info] window resize event: 1551,883
[2022-08-18 22:39:33.850] [Core] [info] Dispatching
[2022-08-18 22:39:33.851] [APP] [info] window resize event: 1553,883
[2022-08-18 22:39:33.857] [Core] [info] Dispatching
[2022-08-18 22:39:33.857] [APP] [info] window resize event: 1557,883
[2022-08-18 22:39:33.865] [Core] [info] Dispatching
[2022-08-18 22:39:33.865] [APP] [info] window resize event: 1560,883
[2022-08-18 22:39:33.869] [Core] [info] Dispatching
[2022-08-18 22:39:33.869] [APP] [info] window resize event: 1561,883
[2022-08-18 22:39:33.873] [Core] [info] Dispatching
[2022-08-18 22:39:33.873] [APP] [info] window resize event: 1562,883
[2022-08-18 22:39:33.881] [Core] [info] Dispatching
[2022-08-18 22:39:33.881] [APP] [info] window resize event: 1563,883
[2022-08-18 22:39:33.894] [Core] [info] Dispatching
[2022-08-18 22:39:33.895] [APP] [info] window resize event: 1564,883
[2022-08-18 22:39:33.949] [Core] [info] Dispatching
[2022-08-18 22:39:33.950] [APP] [info] window resize event: 1565,883
[2022-08-18 22:39:33.973] [Core] [info] Dispatching
[2022-08-18 22:39:33.973] [APP] [info] window resize event: 1566,883
[2022-08-18 22:39:34.191] [Core] [info] Dispatching
[2022-08-18 22:39:34.192] [APP] [info] window resize event: 1565,883
[2022-08-18 22:39:35.731] [APP] [info] mouse pressed: 0
[2022-08-18 22:39:35.811] [APP] [info] mouse released: 0
[2022-08-18 22:39:37.033] [APP] [info] mouse pressed: 0
[2022-08-18 22:39:37.111] [APP] [info] mouse released: 0
[2022-08-18 22:39:37.112] [APP] [info] Application closed
