[2022-11-16 22:52:06.283] [Core] [info] Engine running
[2022-11-16 22:52:07.242] [Core] [info] Found 2 device(s)
[2022-11-16 22:52:07.243] [Core] [info] device is: NVIDIA GeForce RTX 2060
[2022-11-16 22:52:07.243] [Core] [info] Found 3 Queue Families
[2022-11-16 22:52:07.244] [Core] [info] Initializing Gfx Queue with Queue family 0 which has 16 queues
[2022-11-16 22:52:07.244] [Core] [info] Initializing Transfer Queue with Queue family 1 which has 2 queues
[2022-11-16 22:52:07.244] [Core] [info] Initializing Compute Queue with Queue family 2 which has 8 queues
[2022-11-16 22:52:07.486] [Core] [info] Logical Device is created from: NVIDIA GeForce RTX 2060
[2022-11-16 22:52:07.489] [Core] [info] Global descriptor pool has been created!
[2022-11-16 22:52:07.490] [Core] [info] VMA allocator created
[2022-11-16 22:52:07.499] [Core] [info] Present mode: Mailbox
[2022-11-16 22:52:07.499] [Core] [info] This swapchain supports at least 3 image(s)
[2022-11-16 22:52:07.500] [Core] [info] Queue Family 0: Supports Present
[2022-11-16 22:52:07.500] [Core] [info] Queue Family 2: Supports Present
[2022-11-16 22:52:07.500] [Core] [info] Present Queue family index: 2
[2022-11-16 22:52:07.527] [Core] [info] Swapchain created with 3 image(s)
[2022-11-16 22:52:07.529] [Core] [info] [vulkan] Vertex Buffer created
[2022-11-16 22:52:07.530] [Core] [info] [vulkan] Staging Buffer created
[2022-11-16 22:52:07.532] [Core] [info] [vulkan] Staging Buffer created
[2022-11-16 22:52:07.532] [Core] [info] Vulkan Render Pass has been created
[2022-11-16 22:52:07.534] [Core] [info] Vulkan Render Pass has been created
[2022-11-16 22:52:08.705] [APP] [info] mouse pressed: 0
[2022-11-16 22:52:08.803] [APP] [info] mouse released: 0
[2022-11-16 22:52:09.275] [APP] [info] mouse pressed: 0
[2022-11-16 22:52:09.365] [APP] [info] mouse released: 0
[2022-11-16 22:52:09.366] [Core] [info] Triangle Pass pass has been deconstructed
[2022-11-16 22:52:09.367] [Core] [info] Present & UI Pass pass has been deconstructed
[2022-11-16 22:52:09.412] [Core] [info] device has been destroyed
[2022-11-16 22:52:09.569] [Core] [info] Vulkan RHI has been shut down
